<?xml version="1.0" encoding="UTF-8"?>
<testng-results skipped="0" failed="0" total="1" passed="1">
  <reporter-output>
  </reporter-output>
  <suite name="Testsuite" duration-ms="8255" started-at="2017-03-04T03:31:00Z" finished-at="2017-03-04T03:31:08Z">
    <groups>
    </groups>
    <test name="Firefoxlaunch" duration-ms="8255" started-at="2017-03-04T03:31:00Z" finished-at="2017-03-04T03:31:08Z">
      <class name="Firefoxlaunch">
        <test-method status="PASS" signature="test1()[pri:0, instance:Firefoxlaunch@215be6bb]" name="test1" duration-ms="8240" started-at="2017-03-03T22:31:00Z" finished-at="2017-03-03T22:31:08Z">
          <reporter-output>
          </reporter-output>
        </test-method> <!-- test1 -->
      </class> <!-- Firefoxlaunch -->
    </test> <!-- Firefoxlaunch -->
  </suite> <!-- Testsuite -->
</testng-results>
